[+] Containers:
 |- [+] Container: /Game/TopDown/Maps/TopDownMap
 |   |- [+] ActorDescs:
 |   |   |- Guid:017E4CDD4418E484FB16C3A6A425A880 BaseClass: NativeClass:/Script/Engine.SkeletalMeshActor Name:SkeletalMeshActor_UAID_2C4D54D3E4262C5101_1890683439 Label:Attacking_Upper SpatiallyLoaded:1 Bounds:IsValid=true, Min=(X=-600.135 Y=-101.260 Z=-4.756), Max=(X=-540.662 Y=-50.390 Z=67.766) RuntimeGrid:None EditorOnly:0 RuntimeOnly:0 HLODRelevant:0
 |   |   |- Guid:0B15F021489E660010491AA38DBCEC68 BaseClass: NativeClass:/Script/Engine.StaticMeshActor Name:StaticMeshActor_20 Label:SM_Cube4 SpatiallyLoaded:1 Bounds:IsValid=true, Min=(X=793.000 Y=-1484.567 Z=0.000), Max=(X=1193.000 Y=-1084.567 Z=200.000) RuntimeGrid:None EditorOnly:0 RuntimeOnly:0 HLODRelevant:1 FolderPath:Block01 FolderGuid:4C556963462B5D49496AD286A4690C47
 |   |   |- Guid:0F4324B34E091887A24AD9995AE727D1 BaseClass: NativeClass:/Script/Engine.StaticMeshActor Name:StaticMeshActor_23 Label:SM_Cube6 SpatiallyLoaded:1 Bounds:IsValid=true, Min=(X=1693.000 Y=-1984.567 Z=0.000), Max=(X=1793.000 Y=1315.433 Z=400.000) RuntimeGrid:None EditorOnly:0 RuntimeOnly:0 HLODRelevant:1 FolderPath:Playground FolderGuid:9FE5E8B349AF71F05F2688921F3F2AC5
 |   |   |- Guid:105703B840671CF776A0FEB4FC222B79 BaseClass: NativeClass:/Script/Engine.SkeletalMeshActor Name:SkeletalMeshActor_UAID_2C4D54D3E4262C5101_1895263441 Label:Diying_Start SpatiallyLoaded:1 Bounds:IsValid=true, Min=(X=-440.260 Y=-90.520 Z=-1.950), Max=(X=-379.799 Y=-39.650 Z=70.798) RuntimeGrid:None EditorOnly:0 RuntimeOnly:0 HLODRelevant:0
 |   |   |- Guid:106563D5414FAD0844FBDCBEAC7AF29D BaseClass: NativeClass:/Script/Engine.StaticMeshActor Name:StaticMeshActor_42 Label:SM_ChamferCube SpatiallyLoaded:1 Bounds:IsValid=true, Min=(X=-445.238 Y=769.144 Z=0.063), Max=(X=-304.355 Y=910.028 Z=100.063) RuntimeGrid:None EditorOnly:0 RuntimeOnly:0 HLODRelevant:0
 |   |   |- Guid:10CA039A41B87B91B0C31BAD2DEC9568 BaseClass: NativeClass:/Script/Engine.StaticMeshActor Name:StaticMeshActor_28 Label:SM_QuarterCylinder3 SpatiallyLoaded:1 Bounds:IsValid=true, Min=(X=1193.000 Y=-1684.567 Z=0.000), Max=(X=1293.000 Y=-1584.567 Z=200.000) RuntimeGrid:None EditorOnly:0 RuntimeOnly:0 HLODRelevant:1 FolderPath:Block01 FolderGuid:4C556963462B5D49496AD286A4690C47
 |   |   |- Guid:1742DF43475F097453197AA79C7473D9 BaseClass: NativeClass:/Script/Engine.SkyLight Name:SkyLight_1 Label:SkyLight SpatiallyLoaded:0 Bounds:IsValid=true, Min=(X=71.123 Y=-98.492 Z=290.722), Max=(X=71.123 Y=-98.492 Z=290.722) RuntimeGrid:None EditorOnly:0 RuntimeOnly:0 HLODRelevant:0 FolderPath:Lighting FolderGuid:4C9334684BA61B42C769F799D2576455
 |   |   |- Guid:1E0EE56B4C8ABFE7B943DCBC59077E0C BaseClass: NativeClass:/Script/Engine.StaticMeshActor Name:StaticMeshActor_3 Label:SM_Cylinder11 SpatiallyLoaded:1 Bounds:IsValid=true, Min=(X=143.000 Y=865.433 Z=0.000), Max=(X=243.000 Y=965.433 Z=300.000) RuntimeGrid:None EditorOnly:0 RuntimeOnly:0 HLODRelevant:1 FolderPath:Pillars FolderGuid:BB8AF4C246C38D173850E8B115A3DCFE
 |   |   |- Guid:1FEC8FAC495CEF0CE32492ADCBB96BAE BaseClass: NativeClass:/Script/AIModule.NavLinkProxy Name:NavLinkProxy_3 Label:NavLinkProxy3 SpatiallyLoaded:1 Bounds:IsValid=true, Min=(X=1033.000 Y=-1054.567 Z=90.000), Max=(X=1033.000 Y=-1054.567 Z=90.000) RuntimeGrid:None EditorOnly:0 RuntimeOnly:0 HLODRelevant:0 FolderPath:Navigation FolderGuid:AE45D61F453CC144CF8289862C276E89
 |   |   |- Guid:214D08A84E58D4159589E3A962C23E03 BaseClass: NativeClass:/Script/Engine.StaticMeshActor Name:StaticMeshActor_35 Label:SM_Cylinder5 SpatiallyLoaded:1 Bounds:IsValid=true, Min=(X=543.000 Y=665.433 Z=0.000), Max=(X=643.000 Y=765.433 Z=300.000) RuntimeGrid:None EditorOnly:0 RuntimeOnly:0 HLODRelevant:1 FolderPath:Pillars FolderGuid:BB8AF4C246C38D173850E8B115A3DCFE
 |   |   |- Guid:2169CB5C470E0E674279BA96829753DD BaseClass: NativeClass:/Script/Engine.StaticMeshActor Name:StaticMeshActor_17 Label:SM_Cube SpatiallyLoaded:1 Bounds:IsValid=true, Min=(X=-1207.000 Y=-2084.567 Z=-50.000), Max=(X=1793.000 Y=1415.433 Z=0.000) RuntimeGrid:None EditorOnly:0 RuntimeOnly:0 HLODRelevant:1 FolderPath:Playground FolderGuid:9FE5E8B349AF71F05F2688921F3F2AC5
 |   |   |- Guid:2DF0D95440BE0EDA81652F860DC7268E BaseClass: NativeClass:/Script/Engine.WorldDataLayers Name:WorldDataLayers Label:WorldDataLayers SpatiallyLoaded:0 Bounds:IsValid=true, Min=(X=0.000 Y=0.000 Z=0.000), Max=(X=0.000 Y=0.000 Z=0.000) RuntimeGrid:None EditorOnly:0 RuntimeOnly:0 HLODRelevant:0
 |   |   |- Guid:306929B142C99B3AD97B3C9F251C2129 BaseClass: NativeClass:/Script/Engine.StaticMeshActor Name:StaticMeshActor_22 Label:SM_Cube5 SpatiallyLoaded:1 Bounds:IsValid=true, Min=(X=-1207.000 Y=-1984.567 Z=0.000), Max=(X=-1107.000 Y=1315.433 Z=400.000) RuntimeGrid:None EditorOnly:0 RuntimeOnly:0 HLODRelevant:1 FolderPath:Playground FolderGuid:9FE5E8B349AF71F05F2688921F3F2AC5
 |   |   |- Guid:3A8AFCBE4579702C9C871CAE6B377BDE BaseClass: NativeClass:/Script/Engine.SkeletalMeshActor Name:SkeletalMeshActor_UAID_2C4D54D3E4269B5001_1438851921 Label:MainCharacter_Anim_Idle_Long SpatiallyLoaded:1 Bounds:IsValid=true, Min=(X=-585.379 Y=-316.735 Z=-1.950), Max=(X=-524.918 Y=-265.866 Z=70.798) RuntimeGrid:None EditorOnly:0 RuntimeOnly:0 HLODRelevant:0
 |   |   |- Guid:3EB2668342A17173A413038CB453340F BaseClass: NativeClass:/Script/Engine.SkeletalMeshActor Name:SkeletalMeshActor_UAID_2C4D54D3E4269B5001_1445041925 Label:MainCharacter_Anim_Attacking_Upper SpatiallyLoaded:1 Bounds:IsValid=true, Min=(X=-110.545 Y=-324.706 Z=-4.756), Max=(X=-51.072 Y=-273.836 Z=67.766) RuntimeGrid:None EditorOnly:0 RuntimeOnly:0 HLODRelevant:0
 |   |   |- Guid:4D78D35844106D40CB1512A8673F1464 BaseClass: NativeClass:/Script/Engine.SkeletalMeshActor Name:SkeletalMeshActor_UAID_2C4D54D3E4269B5001_1437587920 Label:MainCharacter_Anim_Idle_Loop SpatiallyLoaded:1 Bounds:IsValid=true, Min=(X=-491.904 Y=-319.231 Z=-1.950), Max=(X=-431.444 Y=-268.362 Z=70.798) RuntimeGrid:None EditorOnly:0 RuntimeOnly:0 HLODRelevant:0
 |   |   |- Guid:5B01E70A40FD2B666134A1B86F6B582E BaseClass: NativeClass:/Script/Engine.StaticMeshActor Name:StaticMeshActor_21 Label:SM_Ramp2 SpatiallyLoaded:1 Bounds:IsValid=true, Min=(X=193.000 Y=-1484.567 Z=0.000), Max=(X=393.000 Y=-1084.567 Z=100.000) RuntimeGrid:None EditorOnly:0 RuntimeOnly:0 HLODRelevant:1 FolderPath:Block01 FolderGuid:4C556963462B5D49496AD286A4690C47
 |   |   |- Guid:6252C7D64ACF162A73EE65B11FE214D1 BaseClass: NativeClass:/Script/Engine.SkyAtmosphere Name:SkyAtmosphere_1 Label:SkyAtmosphere SpatiallyLoaded:0 Bounds:IsValid=true, Min=(X=0.000 Y=0.000 Z=119.536), Max=(X=0.000 Y=0.000 Z=119.536) RuntimeGrid:None EditorOnly:0 RuntimeOnly:0 HLODRelevant:0 FolderPath:Lighting FolderGuid:4C9334684BA61B42C769F799D2576455
 |   |   |- Guid:71C8C39C4EFCCD178DE2D08AD6A4DCDB BaseClass: NativeClass:/Script/Engine.StaticMeshActor Name:StaticMeshActor_40 Label:SM_Cylinder10 SpatiallyLoaded:1 Bounds:IsValid=true, Min=(X=1043.000 Y=565.433 Z=0.000), Max=(X=1143.000 Y=665.433 Z=300.000) RuntimeGrid:None EditorOnly:0 RuntimeOnly:0 HLODRelevant:1 FolderPath:Pillars FolderGuid:BB8AF4C246C38D173850E8B115A3DCFE
 |   |   |- Guid:7538BFCA43D3EA3EA8BCDD88D63F5EAA BaseClass: NativeClass:/Script/Engine.StaticMeshActor Name:StaticMeshActor_34 Label:SM_Cylinder4 SpatiallyLoaded:1 Bounds:IsValid=true, Min=(X=643.000 Y=265.433 Z=0.000), Max=(X=743.000 Y=365.433 Z=300.000) RuntimeGrid:None EditorOnly:0 RuntimeOnly:0 HLODRelevant:1 FolderPath:Pillars FolderGuid:BB8AF4C246C38D173850E8B115A3DCFE
 |   |   |- Guid:77F893B3468595EE782136AD620D7EF4 BaseClass: NativeClass:/Script/Engine.VolumetricCloud Name:VolumetricCloud_0 Label:VolumetricCloud SpatiallyLoaded:0 Bounds:IsValid=true, Min=(X=0.000 Y=0.000 Z=273.288), Max=(X=0.000 Y=0.000 Z=273.288) RuntimeGrid:None EditorOnly:0 RuntimeOnly:0 HLODRelevant:0 FolderPath:Lighting FolderGuid:4C9334684BA61B42C769F799D2576455
 |   |   |- Guid:8248E561477FE7EFFBDDA38A2EF2E606 BaseClass: NativeClass:/Script/Engine.StaticMeshActor Name:StaticMeshActor_1 Label:SM_Cube8 SpatiallyLoaded:1 Bounds:IsValid=true, Min=(X=693.000 Y=-1484.567 Z=0.000), Max=(X=793.000 Y=-1184.567 Z=200.000) RuntimeGrid:None EditorOnly:0 RuntimeOnly:0 HLODRelevant:1 FolderPath:Block01 FolderGuid:4C556963462B5D49496AD286A4690C47
 |   |   |- Guid:87AB00FC44D67BD6908DBF89A9949083 BaseClass: NativeClass:/Script/Engine.StaticMeshActor Name:StaticMeshActor_2 Label:SM_Cylinder6 SpatiallyLoaded:1 Bounds:IsValid=true, Min=(X=143.000 Y=365.433 Z=0.000), Max=(X=243.000 Y=465.433 Z=300.000) RuntimeGrid:None EditorOnly:0 RuntimeOnly:0 HLODRelevant:1 FolderPath:Pillars FolderGuid:BB8AF4C246C38D173850E8B115A3DCFE
 |   |   |- Guid:8D32FB8A416E4D928D913AA7B9136688 BaseClass: NativeClass:/Script/Engine.SkeletalMeshActor Name:SkeletalMeshActor_UAID_2C4D54D3E4262C5101_1893413440 Label:Diying_Loop SpatiallyLoaded:1 Bounds:IsValid=true, Min=(X=-510.122 Y=-119.537 Z=-22.797), Max=(X=-449.657 Y=-68.667 Z=47.718) RuntimeGrid:None EditorOnly:0 RuntimeOnly:0 HLODRelevant:0
 |   |   |- Guid:967973B24ED0095A56A3D9A2B29C7E24 BaseClass: NativeClass:/Script/Engine.StaticMeshActor Name:StaticMeshActor_0 Label:SM_QuarterCylinder7 SpatiallyLoaded:1 Bounds:IsValid=true, Min=(X=693.000 Y=-1184.567 Z=0.000), Max=(X=793.000 Y=-1084.567 Z=200.000) RuntimeGrid:None EditorOnly:0 RuntimeOnly:0 HLODRelevant:1 FolderPath:Block01 FolderGuid:4C556963462B5D49496AD286A4690C47
 |   |   |- Guid:9F5C85AD4CCA70385561559C9C8DBB03 BaseClass: NativeClass:/Script/Engine.StaticMeshActor Name:StaticMeshActor_24 Label:SM_Cube7 SpatiallyLoaded:1 Bounds:IsValid=true, Min=(X=1193.000 Y=-1584.567 Z=0.000), Max=(X=1293.000 Y=-1184.567 Z=200.000) RuntimeGrid:None EditorOnly:0 RuntimeOnly:0 HLODRelevant:1 FolderPath:Block01 FolderGuid:4C556963462B5D49496AD286A4690C47
 |   |   |- Guid:AD8D621045E8BD19978AA3B098808D36 BaseClass: NativeClass:/Script/Engine.StaticMeshActor Name:StaticMeshActor_59 Label:SM_ChamferCube4 SpatiallyLoaded:1 Bounds:IsValid=true, Min=(X=-543.591 Y=699.670 Z=0.063), Max=(X=-402.708 Y=840.554 Z=100.063) RuntimeGrid:None EditorOnly:0 RuntimeOnly:0 HLODRelevant:0
 |   |   |- Guid:AE4264F343BF9EDC9B538AB1605C032B BaseClass: NativeClass:/Script/Engine.SkeletalMeshActor Name:SkeletalMeshActor_UAID_2C4D54D3E4269B5001_1443496924 Label:MainCharacter_Anim_Diying_Loop SpatiallyLoaded:1 Bounds:IsValid=true, Min=(X=-253.947 Y=-329.830 Z=-22.797), Max=(X=-193.482 Y=-278.960 Z=47.718) RuntimeGrid:None EditorOnly:0 RuntimeOnly:0 HLODRelevant:0
 |   |   |- Guid:AE4BDE57491C67C1E7AFD4A09A9CADC1 BaseClass: NativeClass:/Script/Engine.StaticMeshActor Name:StaticMeshActor_66 Label:SM_Cylinder15 SpatiallyLoaded:1 Bounds:IsValid=true, Min=(X=1343.000 Y=865.433 Z=0.000), Max=(X=1443.000 Y=965.433 Z=300.000) RuntimeGrid:None EditorOnly:0 RuntimeOnly:0 HLODRelevant:1 FolderPath:Pillars FolderGuid:BB8AF4C246C38D173850E8B115A3DCFE
 |   |   |- Guid:AE92EF614644F3E97ECD6E8F3B7E4798 BaseClass: NativeClass:/Script/Engine.StaticMeshActor Name:StaticMeshActor_65 Label:SM_ChamferCube5 SpatiallyLoaded:1 Bounds:IsValid=true, Min=(X=1212.765 Y=-693.974 Z=0.063), Max=(X=1340.936 Y=-565.802 Z=100.063) RuntimeGrid:None EditorOnly:0 RuntimeOnly:0 HLODRelevant:0
 |   |   |- Guid:AECEEEE741E6DE68F6843FA49564A956 BaseClass: NativeClass:/Script/Engine.DirectionalLight Name:DirectionalLight_1 Label:DirectionalLight SpatiallyLoaded:0 Bounds:IsValid=true, Min=(X=-4398046511104.000 Y=-4398046511104.000 Z=-4398046511104.000), Max=(X=4398046511104.000 Y=4398046511104.000 Z=4398046511104.000) RuntimeGrid:None EditorOnly:0 RuntimeOnly:0 HLODRelevant:0 FolderPath:Lighting FolderGuid:4C9334684BA61B42C769F799D2576455
 |   |   |- Guid:B4C646B5424B7A73982058BBBDBB769A BaseClass: NativeClass:/Script/Engine.SkeletalMeshActor Name:SkeletalMeshActor_UAID_2C4D54D3E4269B5001_1426151919 Label:MainCharacter_Anim_Running SpatiallyLoaded:1 Bounds:IsValid=true, Min=(X=-385.400 Y=-317.438 Z=-4.263), Max=(X=-325.687 Y=-266.714 Z=68.722) RuntimeGrid:None EditorOnly:0 RuntimeOnly:0 HLODRelevant:0
 |   |   |- Guid:C81786A4417C98DC3952D7BB9D023436 BaseClass: NativeClass:/Script/Engine.StaticMeshActor Name:StaticMeshActor_25 Label:SM_Cube9 SpatiallyLoaded:1 Bounds:IsValid=true, Min=(X=193.000 Y=-1684.567 Z=0.000), Max=(X=1193.000 Y=-1484.567 Z=100.000) RuntimeGrid:None EditorOnly:0 RuntimeOnly:0 HLODRelevant:1 FolderPath:Block01 FolderGuid:4C556963462B5D49496AD286A4690C47
 |   |   |- Guid:CCDD89584E0A9025F52AEDA51D60CA54 BaseClass: NativeClass:/Script/NavigationSystem.NavMeshBoundsVolume Name:NavMeshBoundsVolume_1 Label:NavMeshBoundsVolume SpatiallyLoaded:0 Bounds:IsValid=true, Min=(X=-1307.000 Y=-2184.567 Z=-110.000), Max=(X=1893.000 Y=1515.433 Z=390.000) RuntimeGrid:None EditorOnly:0 RuntimeOnly:0 HLODRelevant:0 FolderPath:Navigation FolderGuid:AE45D61F453CC144CF8289862C276E89
 |   |   |- Guid:CD0BA2184704090849A8C2A3FF024142 BaseClass: NativeClass:/Script/Engine.SkeletalMeshActor Name:SkeletalMeshActor_UAID_2C4D54D3E4262C5101_2094681442 Label:Running SpatiallyLoaded:1 Bounds:IsValid=true, Min=(X=-469.969 Y=-46.127 Z=-4.263), Max=(X=-410.256 Y=4.597 Z=68.722) RuntimeGrid:None EditorOnly:0 RuntimeOnly:0 HLODRelevant:0
 |   |   |- Guid:D24D61B944EF71BE7BC469B7EB239299 BaseClass: NativeClass:/Script/Engine.ExponentialHeightFog Name:ExponentialHeightFog_1 Label:ExponentialHeightFog SpatiallyLoaded:0 Bounds:IsValid=true, Min=(X=-5600.000 Y=-50.000 Z=-6850.000), Max=(X=-5600.000 Y=-50.000 Z=-6850.000) RuntimeGrid:None EditorOnly:0 RuntimeOnly:0 HLODRelevant:0 FolderPath:Lighting FolderGuid:4C9334684BA61B42C769F799D2576455
 |   |   |- Guid:D3B17C8E4BDF6B6423A047B50448A521 BaseClass: NativeClass:/Script/Engine.StaticMeshActor Name:StaticMeshActor_38 Label:SM_Cylinder8 SpatiallyLoaded:1 Bounds:IsValid=true, Min=(X=1043.000 Y=-134.567 Z=0.000), Max=(X=1143.000 Y=-34.567 Z=300.000) RuntimeGrid:None EditorOnly:0 RuntimeOnly:0 HLODRelevant:1 FolderPath:Pillars FolderGuid:BB8AF4C246C38D173850E8B115A3DCFE
 |   |   |- Guid:D59F2DEE4227548CFA939EAA6B6C3948 BaseClass: NativeClass:/Script/Engine.StaticMeshActor Name:StaticMeshActor_39 Label:SM_Cylinder9 SpatiallyLoaded:1 Bounds:IsValid=true, Min=(X=1243.000 Y=265.433 Z=0.000), Max=(X=1343.000 Y=365.433 Z=300.000) RuntimeGrid:None EditorOnly:0 RuntimeOnly:0 HLODRelevant:1 FolderPath:Pillars FolderGuid:BB8AF4C246C38D173850E8B115A3DCFE
 |   |   |- Guid:E25BF0074E4311FD5361B5AECC5B4A97 BaseClass: NativeClass:/Script/Engine.SkeletalMeshActor Name:SkeletalMeshActor_UAID_2C4D54D3E426765001_1127406408 Label:MainCharacter SpatiallyLoaded:1 Bounds:IsValid=true, Min=(X=-468.219 Y=-548.908 Z=-1.116), Max=(X=-407.754 Y=-498.037 Z=71.346) RuntimeGrid:None EditorOnly:0 RuntimeOnly:0 HLODRelevant:0
 |   |   |- Guid:E3A254A24FEC950D1869E484CB762659 BaseClass: NativeClass:/Script/Engine.StaticMeshActor Name:StaticMeshActor_37 Label:SM_Cylinder7 SpatiallyLoaded:1 Bounds:IsValid=true, Min=(X=443.000 Y=-134.567 Z=0.000), Max=(X=543.000 Y=-34.567 Z=300.000) RuntimeGrid:None EditorOnly:0 RuntimeOnly:0 HLODRelevant:1 FolderPath:Pillars FolderGuid:BB8AF4C246C38D173850E8B115A3DCFE
 |   |   |- Guid:E9A7CC6F4BA1231ED60208AB9C648293 BaseClass: NativeClass:/Script/Engine.StaticMeshActor Name:StaticMeshActor_44 Label:SM_ChamferCube3 SpatiallyLoaded:1 Bounds:IsValid=true, Min=(X=-495.488 Y=740.378 Z=100.063), Max=(X=-358.886 Y=876.981 Z=200.063) RuntimeGrid:None EditorOnly:0 RuntimeOnly:0 HLODRelevant:0
 |   |   |- Guid:E9F51259425B785A35C436A5559AD7B4 BaseClass: NativeClass:/Script/Engine.StaticMeshActor Name:StaticMeshActor_19 Label:SM_Cube3 SpatiallyLoaded:1 Bounds:IsValid=true, Min=(X=-1207.000 Y=1315.433 Z=0.000), Max=(X=1793.000 Y=1415.433 Z=400.000) RuntimeGrid:None EditorOnly:0 RuntimeOnly:0 HLODRelevant:1 FolderPath:Playground FolderGuid:9FE5E8B349AF71F05F2688921F3F2AC5
 |   |   |- Guid:EBDD3DE7460B99163A5FD58EFC8EA671 BaseClass: NativeClass:/Script/Engine.StaticMeshActor Name:StaticMeshActor_29 Label:SM_QuarterCylinder6 SpatiallyLoaded:1 Bounds:IsValid=true, Min=(X=1193.000 Y=-1184.567 Z=0.000), Max=(X=1293.000 Y=-1084.567 Z=200.000) RuntimeGrid:None EditorOnly:0 RuntimeOnly:0 HLODRelevant:1 FolderPath:Block01 FolderGuid:4C556963462B5D49496AD286A4690C47
 |   |   |- Guid:ED702DEB4F4A6D94A5DB4F9C337C2079 BaseClass: NativeClass:/Script/Engine.TextRenderActor Name:TextRenderActor_0 Label:TextRenderActor SpatiallyLoaded:1 Bounds:IsValid=true, Min=(X=-0.100 Y=1100.000 Z=65.013), Max=(X=-0.100 Y=2225.000 Z=215.013) RuntimeGrid:None EditorOnly:0 RuntimeOnly:0 HLODRelevant:0
 |   |   |- Guid:F07559B14CE9ADE1215992AA417A945E BaseClass: NativeClass:/Script/Engine.StaticMeshActor Name:StaticMeshActor_18 Label:SM_Cube2 SpatiallyLoaded:1 Bounds:IsValid=true, Min=(X=-1207.000 Y=-2084.567 Z=0.000), Max=(X=1793.000 Y=-1984.567 Z=400.000) RuntimeGrid:None EditorOnly:0 RuntimeOnly:0 HLODRelevant:1 FolderPath:Playground FolderGuid:9FE5E8B349AF71F05F2688921F3F2AC5
 |   |   |- Guid:F33CC5014C49925B3A9D52A063AF483F BaseClass: NativeClass:/Script/Engine.PlayerStart Name:PlayerStart_0 Label:PlayerStart SpatiallyLoaded:0 Bounds:IsValid=true, Min=(X=-184.144 Y=-215.903 Z=0.013), Max=(X=-104.144 Y=-135.903 Z=184.013) RuntimeGrid:None EditorOnly:0 RuntimeOnly:0 HLODRelevant:0
 |   |   |- Guid:F631A1FD49D9396A89472DB2E28EB965 BaseClass: NativeClass:/Script/Engine.StaticMeshActor Name:StaticMeshActor_26 Label:SM_Ramp3 SpatiallyLoaded:1 Bounds:IsValid=true, Min=(X=393.000 Y=-1684.567 Z=100.000), Max=(X=693.000 Y=-1484.567 Z=200.000) RuntimeGrid:None EditorOnly:0 RuntimeOnly:0 HLODRelevant:1 FolderPath:Block01 FolderGuid:4C556963462B5D49496AD286A4690C47
 |   |   |- Guid:FA53012A44557D60E21D1B8B9D0C5141 BaseClass: NativeClass:/Script/Engine.StaticMeshActor Name:StaticMeshActor_27 Label:SM_Cube10 SpatiallyLoaded:1 Bounds:IsValid=true, Min=(X=693.000 Y=-1684.567 Z=100.000), Max=(X=1193.000 Y=-1484.567 Z=200.000) RuntimeGrid:None EditorOnly:0 RuntimeOnly:0 HLODRelevant:1 FolderPath:Block01 FolderGuid:4C556963462B5D49496AD286A4690C47
 |   |   |- Guid:FDF976F447718E04FC0E798D4647859D BaseClass: NativeClass:/Script/Engine.SkeletalMeshActor Name:SkeletalMeshActor_UAID_2C4D54D3E4269B5001_1440716923 Label:MainCharacter_Anim_Diying_Start2 SpatiallyLoaded:1 Bounds:IsValid=true, Min=(X=-634.476 Y=-301.688 Z=-1.950), Max=(X=-574.016 Y=-250.818 Z=70.798) RuntimeGrid:None EditorOnly:0 RuntimeOnly:0 HLODRelevant:0
 |   |- [+] Clusters:
 |   |   |- [+] [  0]
 |   |   |   |- Guid:5B01E70A40FD2B666134A1B86F6B582E BaseClass: NativeClass:/Script/Engine.StaticMeshActor Name:StaticMeshActor_21 Label:SM_Ramp2 SpatiallyLoaded:1 Bounds:IsValid=true, Min=(X=193.000 Y=-1484.567 Z=0.000), Max=(X=393.000 Y=-1084.567 Z=100.000) RuntimeGrid:None EditorOnly:0 RuntimeOnly:0 HLODRelevant:1 FolderPath:Block01 FolderGuid:4C556963462B5D49496AD286A4690C47
 |   |   |- [+] [  1]
 |   |   |   |- Guid:1E0EE56B4C8ABFE7B943DCBC59077E0C BaseClass: NativeClass:/Script/Engine.StaticMeshActor Name:StaticMeshActor_3 Label:SM_Cylinder11 SpatiallyLoaded:1 Bounds:IsValid=true, Min=(X=143.000 Y=865.433 Z=0.000), Max=(X=243.000 Y=965.433 Z=300.000) RuntimeGrid:None EditorOnly:0 RuntimeOnly:0 HLODRelevant:1 FolderPath:Pillars FolderGuid:BB8AF4C246C38D173850E8B115A3DCFE
 |   |   |- [+] [  2]
 |   |   |   |- Guid:0F4324B34E091887A24AD9995AE727D1 BaseClass: NativeClass:/Script/Engine.StaticMeshActor Name:StaticMeshActor_23 Label:SM_Cube6 SpatiallyLoaded:1 Bounds:IsValid=true, Min=(X=1693.000 Y=-1984.567 Z=0.000), Max=(X=1793.000 Y=1315.433 Z=400.000) RuntimeGrid:None EditorOnly:0 RuntimeOnly:0 HLODRelevant:1 FolderPath:Playground FolderGuid:9FE5E8B349AF71F05F2688921F3F2AC5
 |   |   |- [+] [  3]
 |   |   |   |- Guid:CCDD89584E0A9025F52AEDA51D60CA54 BaseClass: NativeClass:/Script/NavigationSystem.NavMeshBoundsVolume Name:NavMeshBoundsVolume_1 Label:NavMeshBoundsVolume SpatiallyLoaded:0 Bounds:IsValid=true, Min=(X=-1307.000 Y=-2184.567 Z=-110.000), Max=(X=1893.000 Y=1515.433 Z=390.000) RuntimeGrid:None EditorOnly:0 RuntimeOnly:0 HLODRelevant:0 FolderPath:Navigation FolderGuid:AE45D61F453CC144CF8289862C276E89
 |   |   |- [+] [  4]
 |   |   |   |- Guid:F07559B14CE9ADE1215992AA417A945E BaseClass: NativeClass:/Script/Engine.StaticMeshActor Name:StaticMeshActor_18 Label:SM_Cube2 SpatiallyLoaded:1 Bounds:IsValid=true, Min=(X=-1207.000 Y=-2084.567 Z=0.000), Max=(X=1793.000 Y=-1984.567 Z=400.000) RuntimeGrid:None EditorOnly:0 RuntimeOnly:0 HLODRelevant:1 FolderPath:Playground FolderGuid:9FE5E8B349AF71F05F2688921F3F2AC5
 |   |   |- [+] [  5]
 |   |   |   |- Guid:FA53012A44557D60E21D1B8B9D0C5141 BaseClass: NativeClass:/Script/Engine.StaticMeshActor Name:StaticMeshActor_27 Label:SM_Cube10 SpatiallyLoaded:1 Bounds:IsValid=true, Min=(X=693.000 Y=-1684.567 Z=100.000), Max=(X=1193.000 Y=-1484.567 Z=200.000) RuntimeGrid:None EditorOnly:0 RuntimeOnly:0 HLODRelevant:1 FolderPath:Block01 FolderGuid:4C556963462B5D49496AD286A4690C47
 |   |   |- [+] [  6]
 |   |   |   |- Guid:E3A254A24FEC950D1869E484CB762659 BaseClass: NativeClass:/Script/Engine.StaticMeshActor Name:StaticMeshActor_37 Label:SM_Cylinder7 SpatiallyLoaded:1 Bounds:IsValid=true, Min=(X=443.000 Y=-134.567 Z=0.000), Max=(X=543.000 Y=-34.567 Z=300.000) RuntimeGrid:None EditorOnly:0 RuntimeOnly:0 HLODRelevant:1 FolderPath:Pillars FolderGuid:BB8AF4C246C38D173850E8B115A3DCFE
 |   |   |- [+] [  7]
 |   |   |   |- Guid:106563D5414FAD0844FBDCBEAC7AF29D BaseClass: NativeClass:/Script/Engine.StaticMeshActor Name:StaticMeshActor_42 Label:SM_ChamferCube SpatiallyLoaded:1 Bounds:IsValid=true, Min=(X=-445.238 Y=769.144 Z=0.063), Max=(X=-304.355 Y=910.028 Z=100.063) RuntimeGrid:None EditorOnly:0 RuntimeOnly:0 HLODRelevant:0
 |   |   |- [+] [  8]
 |   |   |   |- Guid:3A8AFCBE4579702C9C871CAE6B377BDE BaseClass: NativeClass:/Script/Engine.SkeletalMeshActor Name:SkeletalMeshActor_UAID_2C4D54D3E4269B5001_1438851921 Label:MainCharacter_Anim_Idle_Long SpatiallyLoaded:1 Bounds:IsValid=true, Min=(X=-585.379 Y=-316.735 Z=-1.950), Max=(X=-524.918 Y=-265.866 Z=70.798) RuntimeGrid:None EditorOnly:0 RuntimeOnly:0 HLODRelevant:0
 |   |   |- [+] [  9]
 |   |   |   |- Guid:B4C646B5424B7A73982058BBBDBB769A BaseClass: NativeClass:/Script/Engine.SkeletalMeshActor Name:SkeletalMeshActor_UAID_2C4D54D3E4269B5001_1426151919 Label:MainCharacter_Anim_Running SpatiallyLoaded:1 Bounds:IsValid=true, Min=(X=-385.400 Y=-317.438 Z=-4.263), Max=(X=-325.687 Y=-266.714 Z=68.722) RuntimeGrid:None EditorOnly:0 RuntimeOnly:0 HLODRelevant:0
 |   |   |- [+] [ 10]
 |   |   |   |- Guid:2169CB5C470E0E674279BA96829753DD BaseClass: NativeClass:/Script/Engine.StaticMeshActor Name:StaticMeshActor_17 Label:SM_Cube SpatiallyLoaded:1 Bounds:IsValid=true, Min=(X=-1207.000 Y=-2084.567 Z=-50.000), Max=(X=1793.000 Y=1415.433 Z=0.000) RuntimeGrid:None EditorOnly:0 RuntimeOnly:0 HLODRelevant:1 FolderPath:Playground FolderGuid:9FE5E8B349AF71F05F2688921F3F2AC5
 |   |   |- [+] [ 11]
 |   |   |   |- Guid:AE4BDE57491C67C1E7AFD4A09A9CADC1 BaseClass: NativeClass:/Script/Engine.StaticMeshActor Name:StaticMeshActor_66 Label:SM_Cylinder15 SpatiallyLoaded:1 Bounds:IsValid=true, Min=(X=1343.000 Y=865.433 Z=0.000), Max=(X=1443.000 Y=965.433 Z=300.000) RuntimeGrid:None EditorOnly:0 RuntimeOnly:0 HLODRelevant:1 FolderPath:Pillars FolderGuid:BB8AF4C246C38D173850E8B115A3DCFE
 |   |   |- [+] [ 12]
 |   |   |   |- Guid:967973B24ED0095A56A3D9A2B29C7E24 BaseClass: NativeClass:/Script/Engine.StaticMeshActor Name:StaticMeshActor_0 Label:SM_QuarterCylinder7 SpatiallyLoaded:1 Bounds:IsValid=true, Min=(X=693.000 Y=-1184.567 Z=0.000), Max=(X=793.000 Y=-1084.567 Z=200.000) RuntimeGrid:None EditorOnly:0 RuntimeOnly:0 HLODRelevant:1 FolderPath:Block01 FolderGuid:4C556963462B5D49496AD286A4690C47
 |   |   |- [+] [ 13]
 |   |   |   |- Guid:4D78D35844106D40CB1512A8673F1464 BaseClass: NativeClass:/Script/Engine.SkeletalMeshActor Name:SkeletalMeshActor_UAID_2C4D54D3E4269B5001_1437587920 Label:MainCharacter_Anim_Idle_Loop SpatiallyLoaded:1 Bounds:IsValid=true, Min=(X=-491.904 Y=-319.231 Z=-1.950), Max=(X=-431.444 Y=-268.362 Z=70.798) RuntimeGrid:None EditorOnly:0 RuntimeOnly:0 HLODRelevant:0
 |   |   |- [+] [ 14]
 |   |   |   |- Guid:D59F2DEE4227548CFA939EAA6B6C3948 BaseClass: NativeClass:/Script/Engine.StaticMeshActor Name:StaticMeshActor_39 Label:SM_Cylinder9 SpatiallyLoaded:1 Bounds:IsValid=true, Min=(X=1243.000 Y=265.433 Z=0.000), Max=(X=1343.000 Y=365.433 Z=300.000) RuntimeGrid:None EditorOnly:0 RuntimeOnly:0 HLODRelevant:1 FolderPath:Pillars FolderGuid:BB8AF4C246C38D173850E8B115A3DCFE
 |   |   |- [+] [ 15]
 |   |   |   |- Guid:1FEC8FAC495CEF0CE32492ADCBB96BAE BaseClass: NativeClass:/Script/AIModule.NavLinkProxy Name:NavLinkProxy_3 Label:NavLinkProxy3 SpatiallyLoaded:1 Bounds:IsValid=true, Min=(X=1033.000 Y=-1054.567 Z=90.000), Max=(X=1033.000 Y=-1054.567 Z=90.000) RuntimeGrid:None EditorOnly:0 RuntimeOnly:0 HLODRelevant:0 FolderPath:Navigation FolderGuid:AE45D61F453CC144CF8289862C276E89
 |   |   |- [+] [ 16]
 |   |   |   |- Guid:6252C7D64ACF162A73EE65B11FE214D1 BaseClass: NativeClass:/Script/Engine.SkyAtmosphere Name:SkyAtmosphere_1 Label:SkyAtmosphere SpatiallyLoaded:0 Bounds:IsValid=true, Min=(X=0.000 Y=0.000 Z=119.536), Max=(X=0.000 Y=0.000 Z=119.536) RuntimeGrid:None EditorOnly:0 RuntimeOnly:0 HLODRelevant:0 FolderPath:Lighting FolderGuid:4C9334684BA61B42C769F799D2576455
 |   |   |- [+] [ 17]
 |   |   |   |- Guid:D24D61B944EF71BE7BC469B7EB239299 BaseClass: NativeClass:/Script/Engine.ExponentialHeightFog Name:ExponentialHeightFog_1 Label:ExponentialHeightFog SpatiallyLoaded:0 Bounds:IsValid=true, Min=(X=-5600.000 Y=-50.000 Z=-6850.000), Max=(X=-5600.000 Y=-50.000 Z=-6850.000) RuntimeGrid:None EditorOnly:0 RuntimeOnly:0 HLODRelevant:0 FolderPath:Lighting FolderGuid:4C9334684BA61B42C769F799D2576455
 |   |   |- [+] [ 18]
 |   |   |   |- Guid:77F893B3468595EE782136AD620D7EF4 BaseClass: NativeClass:/Script/Engine.VolumetricCloud Name:VolumetricCloud_0 Label:VolumetricCloud SpatiallyLoaded:0 Bounds:IsValid=true, Min=(X=0.000 Y=0.000 Z=273.288), Max=(X=0.000 Y=0.000 Z=273.288) RuntimeGrid:None EditorOnly:0 RuntimeOnly:0 HLODRelevant:0 FolderPath:Lighting FolderGuid:4C9334684BA61B42C769F799D2576455
 |   |   |- [+] [ 19]
 |   |   |   |- Guid:8248E561477FE7EFFBDDA38A2EF2E606 BaseClass: NativeClass:/Script/Engine.StaticMeshActor Name:StaticMeshActor_1 Label:SM_Cube8 SpatiallyLoaded:1 Bounds:IsValid=true, Min=(X=693.000 Y=-1484.567 Z=0.000), Max=(X=793.000 Y=-1184.567 Z=200.000) RuntimeGrid:None EditorOnly:0 RuntimeOnly:0 HLODRelevant:1 FolderPath:Block01 FolderGuid:4C556963462B5D49496AD286A4690C47
 |   |   |- [+] [ 20]
 |   |   |   |- Guid:EBDD3DE7460B99163A5FD58EFC8EA671 BaseClass: NativeClass:/Script/Engine.StaticMeshActor Name:StaticMeshActor_29 Label:SM_QuarterCylinder6 SpatiallyLoaded:1 Bounds:IsValid=true, Min=(X=1193.000 Y=-1184.567 Z=0.000), Max=(X=1293.000 Y=-1084.567 Z=200.000) RuntimeGrid:None EditorOnly:0 RuntimeOnly:0 HLODRelevant:1 FolderPath:Block01 FolderGuid:4C556963462B5D49496AD286A4690C47
 |   |   |- [+] [ 21]
 |   |   |   |- Guid:0B15F021489E660010491AA38DBCEC68 BaseClass: NativeClass:/Script/Engine.StaticMeshActor Name:StaticMeshActor_20 Label:SM_Cube4 SpatiallyLoaded:1 Bounds:IsValid=true, Min=(X=793.000 Y=-1484.567 Z=0.000), Max=(X=1193.000 Y=-1084.567 Z=200.000) RuntimeGrid:None EditorOnly:0 RuntimeOnly:0 HLODRelevant:1 FolderPath:Block01 FolderGuid:4C556963462B5D49496AD286A4690C47
 |   |   |- [+] [ 22]
 |   |   |   |- Guid:F33CC5014C49925B3A9D52A063AF483F BaseClass: NativeClass:/Script/Engine.PlayerStart Name:PlayerStart_0 Label:PlayerStart SpatiallyLoaded:0 Bounds:IsValid=true, Min=(X=-184.144 Y=-215.903 Z=0.013), Max=(X=-104.144 Y=-135.903 Z=184.013) RuntimeGrid:None EditorOnly:0 RuntimeOnly:0 HLODRelevant:0
 |   |   |- [+] [ 23]
 |   |   |   |- Guid:306929B142C99B3AD97B3C9F251C2129 BaseClass: NativeClass:/Script/Engine.StaticMeshActor Name:StaticMeshActor_22 Label:SM_Cube5 SpatiallyLoaded:1 Bounds:IsValid=true, Min=(X=-1207.000 Y=-1984.567 Z=0.000), Max=(X=-1107.000 Y=1315.433 Z=400.000) RuntimeGrid:None EditorOnly:0 RuntimeOnly:0 HLODRelevant:1 FolderPath:Playground FolderGuid:9FE5E8B349AF71F05F2688921F3F2AC5
 |   |   |- [+] [ 24]
 |   |   |   |- Guid:D3B17C8E4BDF6B6423A047B50448A521 BaseClass: NativeClass:/Script/Engine.StaticMeshActor Name:StaticMeshActor_38 Label:SM_Cylinder8 SpatiallyLoaded:1 Bounds:IsValid=true, Min=(X=1043.000 Y=-134.567 Z=0.000), Max=(X=1143.000 Y=-34.567 Z=300.000) RuntimeGrid:None EditorOnly:0 RuntimeOnly:0 HLODRelevant:1 FolderPath:Pillars FolderGuid:BB8AF4C246C38D173850E8B115A3DCFE
 |   |   |- [+] [ 25]
 |   |   |   |- Guid:3EB2668342A17173A413038CB453340F BaseClass: NativeClass:/Script/Engine.SkeletalMeshActor Name:SkeletalMeshActor_UAID_2C4D54D3E4269B5001_1445041925 Label:MainCharacter_Anim_Attacking_Upper SpatiallyLoaded:1 Bounds:IsValid=true, Min=(X=-110.545 Y=-324.706 Z=-4.756), Max=(X=-51.072 Y=-273.836 Z=67.766) RuntimeGrid:None EditorOnly:0 RuntimeOnly:0 HLODRelevant:0
 |   |   |- [+] [ 26]
 |   |   |   |- Guid:AE92EF614644F3E97ECD6E8F3B7E4798 BaseClass: NativeClass:/Script/Engine.StaticMeshActor Name:StaticMeshActor_65 Label:SM_ChamferCube5 SpatiallyLoaded:1 Bounds:IsValid=true, Min=(X=1212.765 Y=-693.974 Z=0.063), Max=(X=1340.936 Y=-565.802 Z=100.063) RuntimeGrid:None EditorOnly:0 RuntimeOnly:0 HLODRelevant:0
 |   |   |- [+] [ 27]
 |   |   |   |- Guid:7538BFCA43D3EA3EA8BCDD88D63F5EAA BaseClass: NativeClass:/Script/Engine.StaticMeshActor Name:StaticMeshActor_34 Label:SM_Cylinder4 SpatiallyLoaded:1 Bounds:IsValid=true, Min=(X=643.000 Y=265.433 Z=0.000), Max=(X=743.000 Y=365.433 Z=300.000) RuntimeGrid:None EditorOnly:0 RuntimeOnly:0 HLODRelevant:1 FolderPath:Pillars FolderGuid:BB8AF4C246C38D173850E8B115A3DCFE
 |   |   |- [+] [ 28]
 |   |   |   |- Guid:FDF976F447718E04FC0E798D4647859D BaseClass: NativeClass:/Script/Engine.SkeletalMeshActor Name:SkeletalMeshActor_UAID_2C4D54D3E4269B5001_1440716923 Label:MainCharacter_Anim_Diying_Start2 SpatiallyLoaded:1 Bounds:IsValid=true, Min=(X=-634.476 Y=-301.688 Z=-1.950), Max=(X=-574.016 Y=-250.818 Z=70.798) RuntimeGrid:None EditorOnly:0 RuntimeOnly:0 HLODRelevant:0
 |   |   |- [+] [ 29]
 |   |   |   |- Guid:E9A7CC6F4BA1231ED60208AB9C648293 BaseClass: NativeClass:/Script/Engine.StaticMeshActor Name:StaticMeshActor_44 Label:SM_ChamferCube3 SpatiallyLoaded:1 Bounds:IsValid=true, Min=(X=-495.488 Y=740.378 Z=100.063), Max=(X=-358.886 Y=876.981 Z=200.063) RuntimeGrid:None EditorOnly:0 RuntimeOnly:0 HLODRelevant:0
 |   |   |- [+] [ 30]
 |   |   |   |- Guid:AD8D621045E8BD19978AA3B098808D36 BaseClass: NativeClass:/Script/Engine.StaticMeshActor Name:StaticMeshActor_59 Label:SM_ChamferCube4 SpatiallyLoaded:1 Bounds:IsValid=true, Min=(X=-543.591 Y=699.670 Z=0.063), Max=(X=-402.708 Y=840.554 Z=100.063) RuntimeGrid:None EditorOnly:0 RuntimeOnly:0 HLODRelevant:0
 |   |   |- [+] [ 31]
 |   |   |   |- Guid:10CA039A41B87B91B0C31BAD2DEC9568 BaseClass: NativeClass:/Script/Engine.StaticMeshActor Name:StaticMeshActor_28 Label:SM_QuarterCylinder3 SpatiallyLoaded:1 Bounds:IsValid=true, Min=(X=1193.000 Y=-1684.567 Z=0.000), Max=(X=1293.000 Y=-1584.567 Z=200.000) RuntimeGrid:None EditorOnly:0 RuntimeOnly:0 HLODRelevant:1 FolderPath:Block01 FolderGuid:4C556963462B5D49496AD286A4690C47
 |   |   |- [+] [ 32]
 |   |   |   |- Guid:ED702DEB4F4A6D94A5DB4F9C337C2079 BaseClass: NativeClass:/Script/Engine.TextRenderActor Name:TextRenderActor_0 Label:TextRenderActor SpatiallyLoaded:1 Bounds:IsValid=true, Min=(X=-0.100 Y=1100.000 Z=65.013), Max=(X=-0.100 Y=2225.000 Z=215.013) RuntimeGrid:None EditorOnly:0 RuntimeOnly:0 HLODRelevant:0
 |   |   |- [+] [ 33]
 |   |   |   |- Guid:C81786A4417C98DC3952D7BB9D023436 BaseClass: NativeClass:/Script/Engine.StaticMeshActor Name:StaticMeshActor_25 Label:SM_Cube9 SpatiallyLoaded:1 Bounds:IsValid=true, Min=(X=193.000 Y=-1684.567 Z=0.000), Max=(X=1193.000 Y=-1484.567 Z=100.000) RuntimeGrid:None EditorOnly:0 RuntimeOnly:0 HLODRelevant:1 FolderPath:Block01 FolderGuid:4C556963462B5D49496AD286A4690C47
 |   |   |- [+] [ 34]
 |   |   |   |- Guid:87AB00FC44D67BD6908DBF89A9949083 BaseClass: NativeClass:/Script/Engine.StaticMeshActor Name:StaticMeshActor_2 Label:SM_Cylinder6 SpatiallyLoaded:1 Bounds:IsValid=true, Min=(X=143.000 Y=365.433 Z=0.000), Max=(X=243.000 Y=465.433 Z=300.000) RuntimeGrid:None EditorOnly:0 RuntimeOnly:0 HLODRelevant:1 FolderPath:Pillars FolderGuid:BB8AF4C246C38D173850E8B115A3DCFE
 |   |   |- [+] [ 35]
 |   |   |   |- Guid:AECEEEE741E6DE68F6843FA49564A956 BaseClass: NativeClass:/Script/Engine.DirectionalLight Name:DirectionalLight_1 Label:DirectionalLight SpatiallyLoaded:0 Bounds:IsValid=true, Min=(X=-4398046511104.000 Y=-4398046511104.000 Z=-4398046511104.000), Max=(X=4398046511104.000 Y=4398046511104.000 Z=4398046511104.000) RuntimeGrid:None EditorOnly:0 RuntimeOnly:0 HLODRelevant:0 FolderPath:Lighting FolderGuid:4C9334684BA61B42C769F799D2576455
 |   |   |- [+] [ 36]
 |   |   |   |- Guid:2DF0D95440BE0EDA81652F860DC7268E BaseClass: NativeClass:/Script/Engine.WorldDataLayers Name:WorldDataLayers Label:WorldDataLayers SpatiallyLoaded:0 Bounds:IsValid=true, Min=(X=0.000 Y=0.000 Z=0.000), Max=(X=0.000 Y=0.000 Z=0.000) RuntimeGrid:None EditorOnly:0 RuntimeOnly:0 HLODRelevant:0
 |   |   |- [+] [ 37]
 |   |   |   |- Guid:F631A1FD49D9396A89472DB2E28EB965 BaseClass: NativeClass:/Script/Engine.StaticMeshActor Name:StaticMeshActor_26 Label:SM_Ramp3 SpatiallyLoaded:1 Bounds:IsValid=true, Min=(X=393.000 Y=-1684.567 Z=100.000), Max=(X=693.000 Y=-1484.567 Z=200.000) RuntimeGrid:None EditorOnly:0 RuntimeOnly:0 HLODRelevant:1 FolderPath:Block01 FolderGuid:4C556963462B5D49496AD286A4690C47
 |   |   |- [+] [ 38]
 |   |   |   |- Guid:E9F51259425B785A35C436A5559AD7B4 BaseClass: NativeClass:/Script/Engine.StaticMeshActor Name:StaticMeshActor_19 Label:SM_Cube3 SpatiallyLoaded:1 Bounds:IsValid=true, Min=(X=-1207.000 Y=1315.433 Z=0.000), Max=(X=1793.000 Y=1415.433 Z=400.000) RuntimeGrid:None EditorOnly:0 RuntimeOnly:0 HLODRelevant:1 FolderPath:Playground FolderGuid:9FE5E8B349AF71F05F2688921F3F2AC5
 |   |   |- [+] [ 39]
 |   |   |   |- Guid:214D08A84E58D4159589E3A962C23E03 BaseClass: NativeClass:/Script/Engine.StaticMeshActor Name:StaticMeshActor_35 Label:SM_Cylinder5 SpatiallyLoaded:1 Bounds:IsValid=true, Min=(X=543.000 Y=665.433 Z=0.000), Max=(X=643.000 Y=765.433 Z=300.000) RuntimeGrid:None EditorOnly:0 RuntimeOnly:0 HLODRelevant:1 FolderPath:Pillars FolderGuid:BB8AF4C246C38D173850E8B115A3DCFE
 |   |   |- [+] [ 40]
 |   |   |   |- Guid:71C8C39C4EFCCD178DE2D08AD6A4DCDB BaseClass: NativeClass:/Script/Engine.StaticMeshActor Name:StaticMeshActor_40 Label:SM_Cylinder10 SpatiallyLoaded:1 Bounds:IsValid=true, Min=(X=1043.000 Y=565.433 Z=0.000), Max=(X=1143.000 Y=665.433 Z=300.000) RuntimeGrid:None EditorOnly:0 RuntimeOnly:0 HLODRelevant:1 FolderPath:Pillars FolderGuid:BB8AF4C246C38D173850E8B115A3DCFE
 |   |   |- [+] [ 41]
 |   |   |   |- Guid:AE4264F343BF9EDC9B538AB1605C032B BaseClass: NativeClass:/Script/Engine.SkeletalMeshActor Name:SkeletalMeshActor_UAID_2C4D54D3E4269B5001_1443496924 Label:MainCharacter_Anim_Diying_Loop SpatiallyLoaded:1 Bounds:IsValid=true, Min=(X=-253.947 Y=-329.830 Z=-22.797), Max=(X=-193.482 Y=-278.960 Z=47.718) RuntimeGrid:None EditorOnly:0 RuntimeOnly:0 HLODRelevant:0
 |   |   |- [+] [ 42]
 |   |   |   |- Guid:9F5C85AD4CCA70385561559C9C8DBB03 BaseClass: NativeClass:/Script/Engine.StaticMeshActor Name:StaticMeshActor_24 Label:SM_Cube7 SpatiallyLoaded:1 Bounds:IsValid=true, Min=(X=1193.000 Y=-1584.567 Z=0.000), Max=(X=1293.000 Y=-1184.567 Z=200.000) RuntimeGrid:None EditorOnly:0 RuntimeOnly:0 HLODRelevant:1 FolderPath:Block01 FolderGuid:4C556963462B5D49496AD286A4690C47
 |   |   |- [+] [ 43]
 |   |   |   |- Guid:E25BF0074E4311FD5361B5AECC5B4A97 BaseClass: NativeClass:/Script/Engine.SkeletalMeshActor Name:SkeletalMeshActor_UAID_2C4D54D3E426765001_1127406408 Label:MainCharacter SpatiallyLoaded:1 Bounds:IsValid=true, Min=(X=-468.219 Y=-548.908 Z=-1.116), Max=(X=-407.754 Y=-498.037 Z=71.346) RuntimeGrid:None EditorOnly:0 RuntimeOnly:0 HLODRelevant:0
 |   |   |- [+] [ 44]
 |   |   |   |- Guid:1742DF43475F097453197AA79C7473D9 BaseClass: NativeClass:/Script/Engine.SkyLight Name:SkyLight_1 Label:SkyLight SpatiallyLoaded:0 Bounds:IsValid=true, Min=(X=71.123 Y=-98.492 Z=290.722), Max=(X=71.123 Y=-98.492 Z=290.722) RuntimeGrid:None EditorOnly:0 RuntimeOnly:0 HLODRelevant:0 FolderPath:Lighting FolderGuid:4C9334684BA61B42C769F799D2576455
 |   |   |- [+] [ 45]
 |   |   |   |- Guid:017E4CDD4418E484FB16C3A6A425A880 BaseClass: NativeClass:/Script/Engine.SkeletalMeshActor Name:SkeletalMeshActor_UAID_2C4D54D3E4262C5101_1890683439 Label:Attacking_Upper SpatiallyLoaded:1 Bounds:IsValid=true, Min=(X=-600.135 Y=-101.260 Z=-4.756), Max=(X=-540.662 Y=-50.390 Z=67.766) RuntimeGrid:None EditorOnly:0 RuntimeOnly:0 HLODRelevant:0
 |   |   |- [+] [ 46]
 |   |   |   |- Guid:8D32FB8A416E4D928D913AA7B9136688 BaseClass: NativeClass:/Script/Engine.SkeletalMeshActor Name:SkeletalMeshActor_UAID_2C4D54D3E4262C5101_1893413440 Label:Diying_Loop SpatiallyLoaded:1 Bounds:IsValid=true, Min=(X=-510.122 Y=-119.537 Z=-22.797), Max=(X=-449.657 Y=-68.667 Z=47.718) RuntimeGrid:None EditorOnly:0 RuntimeOnly:0 HLODRelevant:0
 |   |   |- [+] [ 47]
 |   |   |   |- Guid:105703B840671CF776A0FEB4FC222B79 BaseClass: NativeClass:/Script/Engine.SkeletalMeshActor Name:SkeletalMeshActor_UAID_2C4D54D3E4262C5101_1895263441 Label:Diying_Start SpatiallyLoaded:1 Bounds:IsValid=true, Min=(X=-440.260 Y=-90.520 Z=-1.950), Max=(X=-379.799 Y=-39.650 Z=70.798) RuntimeGrid:None EditorOnly:0 RuntimeOnly:0 HLODRelevant:0
 |   |   |- [+] [ 48]
 |   |   |   |- Guid:CD0BA2184704090849A8C2A3FF024142 BaseClass: NativeClass:/Script/Engine.SkeletalMeshActor Name:SkeletalMeshActor_UAID_2C4D54D3E4262C5101_2094681442 Label:Running SpatiallyLoaded:1 Bounds:IsValid=true, Min=(X=-469.969 Y=-46.127 Z=-4.263), Max=(X=-410.256 Y=4.597 Z=68.722) RuntimeGrid:None EditorOnly:0 RuntimeOnly:0 HLODRelevant:0
 |- ContainerInstances:
 |- [+] MainContainer:
 |   |-        ID: 0x0000000000000000
 |   |-    Bounds: IsValid=false, Min=(X=0.000 Y=0.000 Z=0.000), Max=(X=0.000 Y=0.000 Z=0.000)
 |   |- Transform: 0.000000,0.000000,0.000000|0.000000,0.000000,-0.000000|1.000000,1.000000,1.000000
 |   |- Container: /Game/TopDown/Maps/TopDownMap
----------------------------------------------------------------------------------------------------------------
TopDownMap - Persistent Level
----------------------------------------------------------------------------------------------------------------
Always loaded Actor Count: 61 

----------------------------------------------------------------------------------------------------------------
TopDownMap - Runtime Spatial Hash - Streaming Grid - MainGrid
----------------------------------------------------------------------------------------------------------------
            Origin: X=0.000 Y=0.000 Z=0.000
         Cell Size: 12800
      World Bounds: IsValid=false, Min=(X=0.000 Y=0.000 Z=0.000), Max=(X=0.000 Y=0.000 Z=0.000)
     Loading Range: 25600.00
Block Slow Loading: No
 ClientOnlyVisible: No

[+] Grid Levels: 1
 |- Level  0: Cell Count    0 | Cell Size   12800 | Actor Count    0 (0.0%)

[+] Content of Grid Level 0

